
*** Running vivado
    with args -log vta_xlconcat_1_0.vds -m64 -product Vivado -mode batch -messageDb vivado.pb -notrace -source vta_xlconcat_1_0.tcl


****** Vivado v2017.1 (64-bit)
  **** SW Build 1846317 on Fri Apr 14 18:54:47 MDT 2017
  **** IP Build 1846188 on Fri Apr 14 20:52:08 MDT 2017
    ** Copyright 1986-2017 Xilinx, Inc. All Rights Reserved.

source vta_xlconcat_1_0.tcl -notrace
Starting RTL Elaboration : Time (s): cpu = 00:00:08 ; elapsed = 00:00:09 . Memory (MB): peak = 1150.828 ; gain = 46.996 ; free physical = 103 ; free virtual = 9086
INFO: [Synth 8-638] synthesizing module 'vta_xlconcat_1_0' [/home/mohamad/Documents/CSE599/lab1/build/vivado/vta.srcs/sources_1/bd/vta/ip/vta_xlconcat_1_0/synth/vta_xlconcat_1_0.v:58]
INFO: [Synth 8-638] synthesizing module 'xlconcat_v2_1_1_xlconcat' [/home/mohamad/Documents/CSE599/lab1/build/vivado/vta.srcs/sources_1/bd/vta/ipshared/73b7/hdl/xlconcat_v2_1_vl_rfs.v:14]
INFO: [Synth 8-256] done synthesizing module 'xlconcat_v2_1_1_xlconcat' (1#1) [/home/mohamad/Documents/CSE599/lab1/build/vivado/vta.srcs/sources_1/bd/vta/ipshared/73b7/hdl/xlconcat_v2_1_vl_rfs.v:14]
INFO: [Synth 8-256] done synthesizing module 'vta_xlconcat_1_0' (2#1) [/home/mohamad/Documents/CSE599/lab1/build/vivado/vta.srcs/sources_1/bd/vta/ip/vta_xlconcat_1_0/synth/vta_xlconcat_1_0.v:58]
Finished RTL Elaboration : Time (s): cpu = 00:00:09 ; elapsed = 00:00:11 . Memory (MB): peak = 1192.328 ; gain = 88.496 ; free physical = 147 ; free virtual = 9006
Finished RTL Optimization Phase 1 : Time (s): cpu = 00:00:09 ; elapsed = 00:00:12 . Memory (MB): peak = 1192.328 ; gain = 88.496 ; free physical = 182 ; free virtual = 9042
INFO: [Device 21-403] Loading part xc7z020clg484-1
Constraint Validation Runtime : Time (s): cpu = 00:00:00.04 ; elapsed = 00:00:02 . Memory (MB): peak = 1432.336 ; gain = 0.000 ; free physical = 100 ; free virtual = 7973
Finished Constraint Validation : Time (s): cpu = 00:00:26 ; elapsed = 00:02:32 . Memory (MB): peak = 1432.336 ; gain = 328.504 ; free physical = 261 ; free virtual = 8252
Finished Loading Part and Timing Information : Time (s): cpu = 00:00:26 ; elapsed = 00:02:32 . Memory (MB): peak = 1432.336 ; gain = 328.504 ; free physical = 262 ; free virtual = 8254
Finished applying 'set_property' XDC Constraints : Time (s): cpu = 00:00:26 ; elapsed = 00:02:32 . Memory (MB): peak = 1432.336 ; gain = 328.504 ; free physical = 261 ; free virtual = 8254
Finished RTL Optimization Phase 2 : Time (s): cpu = 00:00:26 ; elapsed = 00:02:32 . Memory (MB): peak = 1432.336 ; gain = 328.504 ; free physical = 266 ; free virtual = 8260
Finished Cross Boundary and Area Optimization : Time (s): cpu = 00:00:27 ; elapsed = 00:02:33 . Memory (MB): peak = 1432.336 ; gain = 328.504 ; free physical = 243 ; free virtual = 8243
Finished Applying XDC Timing Constraints : Time (s): cpu = 00:00:41 ; elapsed = 00:03:05 . Memory (MB): peak = 1478.336 ; gain = 374.504 ; free physical = 91 ; free virtual = 7555
Finished Timing Optimization : Time (s): cpu = 00:00:41 ; elapsed = 00:03:12 . Memory (MB): peak = 1478.336 ; gain = 374.504 ; free physical = 101 ; free virtual = 7525
Finished Technology Mapping : Time (s): cpu = 00:00:41 ; elapsed = 00:03:15 . Memory (MB): peak = 1487.352 ; gain = 383.520 ; free physical = 110 ; free virtual = 7487
Finished IO Insertion : Time (s): cpu = 00:00:42 ; elapsed = 00:03:23 . Memory (MB): peak = 1487.352 ; gain = 383.520 ; free physical = 102 ; free virtual = 7528
Finished Renaming Generated Instances : Time (s): cpu = 00:00:42 ; elapsed = 00:03:24 . Memory (MB): peak = 1487.352 ; gain = 383.520 ; free physical = 130 ; free virtual = 7501
Finished Rebuilding User Hierarchy : Time (s): cpu = 00:00:42 ; elapsed = 00:03:25 . Memory (MB): peak = 1487.352 ; gain = 383.520 ; free physical = 123 ; free virtual = 7504
Finished Renaming Generated Ports : Time (s): cpu = 00:00:42 ; elapsed = 00:03:25 . Memory (MB): peak = 1487.352 ; gain = 383.520 ; free physical = 123 ; free virtual = 7504
Finished Handling Custom Attributes : Time (s): cpu = 00:00:42 ; elapsed = 00:03:25 . Memory (MB): peak = 1487.352 ; gain = 383.520 ; free physical = 121 ; free virtual = 7504
Finished Renaming Generated Nets : Time (s): cpu = 00:00:42 ; elapsed = 00:03:25 . Memory (MB): peak = 1487.352 ; gain = 383.520 ; free physical = 121 ; free virtual = 7504

Report Cell Usage: 
+-+-----+------+
| |Cell |Count |
+-+-----+------+
+-+-----+------+
Finished Writing Synthesis Report : Time (s): cpu = 00:00:42 ; elapsed = 00:03:25 . Memory (MB): peak = 1487.352 ; gain = 383.520 ; free physical = 121 ; free virtual = 7503
synth_design: Time (s): cpu = 00:00:44 ; elapsed = 00:03:47 . Memory (MB): peak = 1493.352 ; gain = 402.105 ; free physical = 399 ; free virtual = 7730
