================================================================
  Vivado(TM) HLS - High-Level Synthesis from C, C++ and SystemC
  Version 2017.1
  Build 1846317 on Fri Apr 14 19:19:38 MDT 2017
  Copyright (C) 1986-2017 Xilinx, Inc. All Rights Reserved.
================================================================
INFO: [HLS 200-10] Running '/home/mohamad/Xilinx/Vivado_HLS/2017.1/bin/unwrapped/lnx64.o/vivado_hls'
INFO: [HLS 200-10] For user 'mohamad' on host 'mohamad-N43SL' (Linux_x86_64 version 4.13.0-41-generic) on Tue May 15 15:13:48 PDT 2018
INFO: [HLS 200-10] On os Ubuntu 16.04.4 LTS
INFO: [HLS 200-10] In directory '/home/mohamad/Documents/CSE599/project/build/hls'
INFO: [HLS 200-10] Opening project '/home/mohamad/Documents/CSE599/project/build/hls/vta'.
INFO: [HLS 200-10] Adding design file '../../src/vta.cc' to the project
INFO: [HLS 200-10] Adding test bench file '../../src/vta_test.cc' to the project
INFO: [HLS 200-10] Adding test bench file '../../src/test_lib.cc' to the project
INFO: [HLS 200-10] Opening solution '/home/mohamad/Documents/CSE599/project/build/hls/vta/solution0'.
INFO: [SYN 201-201] Setting up clock 'default' with a period of 7ns.
INFO: [HLS 200-10] Setting target device to 'xc7z020clg484-1'
INFO: [SIM 211-2] *************** CSIM start ***************
INFO: [SIM 211-4] CSIM will launch GCC as the compiler.
make[1]: Entering directory '/home/mohamad/Documents/CSE599/project/build/hls/vta/solution0/csim/build'
   Compiling ../../../../../../src/test_lib.cc in debug mode
   Compiling ../../../../../../src/vta_test.cc in debug mode
   Compiling ../../../../../../src/vta.cc in debug mode
   Generating csim.exe
make[1]: Leaving directory '/home/mohamad/Documents/CSE599/project/build/hls/vta/solution0/csim/build'
../../../../../../src/test_lib.cc: In function ‘void pack2dBuffer(T*, T**, int, int, int, int) [with T = ap_int<64>, int T_WIDTH = 64]’:
../../../../../../src/test_lib.cc:590:51:   instantiated from here
../../../../../../src/test_lib.cc:74:15: warning: left shift count >= width of type [enabled by default]
../../../../../../src/test_lib.cc: In function ‘void unpack2dBuffer(T**, T*, int, int, int, int) [with T = ap_int<64>, int T_WIDTH = 64]’:
../../../../../../src/test_lib.cc:625:53:   instantiated from here
../../../../../../src/test_lib.cc:101:15: warning: left shift count >= width of type [enabled by default]
../../../../../../src/test_lib.cc: In function ‘void pack4dBuffer(T*, T****, int, int, int, int, int, int) [with T = ap_int<64>, int T_WIDTH = 64]’:
../../../../../../src/test_lib.cc:1078:51:   instantiated from here
../../../../../../src/test_lib.cc:130:19: warning: left shift count >= width of type [enabled by default]
../../../../../../src/test_lib.cc: In function ‘void unpack4dBuffer(T****, T*, int, int, int, int, int, int) [with T = ap_int<64>, int T_WIDTH = 64]’:
../../../../../../src/test_lib.cc:1115:53:   instantiated from here
../../../../../../src/test_lib.cc:159:19: warning: left shift count >= width of type [enabled by default]
=====================================================================================
INFO - Load/Store test: batch=128, out_channels=128
INFO - Load/Store test successful!
=====================================================================================
INFO - Reset test: batch=128, out_channels=128
INFO - VTA_OPCODE_GEMM
INFO - Reset test successful!
=====================================================================================
INFO - FC test: batch=64, in_channels=128, out_channels=128
INFO - VTA_OPCODE_GEMM
INFO - FC test successful!
=====================================================================================
INFO - 2D Convolution test: batch=1, height=9, width=9
                            kheight=3, kwidth=3
                            in_channels=32, out_channels=64
INFO - VTA_OPCODE_GEMM
INFO - 2D Convolution test successful!
=====================================================================================
INFO - Boolean operation test: batch=1, in_channels=16, out_channels=16
DEBUG - rows= 1, cols= 16: 
DEBUG - rows= 16, cols= 16: 
DEBUG - 0, 0, 0, elem= 1, weight=1, temp=590420540: 
DEBUG - 0, 0, 1, elem= 0, weight=0, temp=590420540: 
DEBUG - 0, 0, 2, elem= 0, weight=1, temp=590420540: 
DEBUG - 0, 0, 3, elem= 1, weight=0, temp=590420540: 
DEBUG - 0, 0, 4, elem= 0, weight=0, temp=590420540: 
DEBUG - 0, 0, 5, elem= 0, weight=1, temp=590420540: 
DEBUG - 0, 0, 6, elem= 1, weight=1, temp=590420541: 
DEBUG - 0, 0, 7, elem= 1, weight=1, temp=590420542: 
DEBUG - 0, 0, 8, elem= 0, weight=1, temp=590420542: 
DEBUG - 0, 0, 9, elem= 0, weight=0, temp=590420542: 
DEBUG - 0, 0, 10, elem= 0, weight=1, temp=590420542: 
DEBUG - 0, 0, 11, elem= 0, weight=0, temp=590420542: 
DEBUG - 0, 0, 12, elem= 1, weight=1, temp=590420543: 
DEBUG - 0, 0, 13, elem= 0, weight=1, temp=590420543: 
DEBUG - 0, 0, 14, elem= 0, weight=0, temp=590420543: 
DEBUG - 0, 0, 15, elem= 0, weight=1, temp=590420543: 
DEBUG - 0, 1, 0, elem= 1, weight=0, temp=1106064362: 
DEBUG - 0, 1, 1, elem= 0, weight=0, temp=1106064362: 
DEBUG - 0, 1, 2, elem= 0, weight=0, temp=1106064362: 
DEBUG - 0, 1, 3, elem= 1, weight=0, temp=1106064362: 
DEBUG - 0, 1, 4, elem= 0, weight=0, temp=1106064362: 
DEBUG - 0, 1, 5, elem= 0, weight=1, temp=1106064362: 
DEBUG - 0, 1, 6, elem= 1, weight=0, temp=1106064362: 
DEBUG - 0, 1, 7, elem= 1, weight=1, temp=1106064363: 
DEBUG - 0, 1, 8, elem= 0, weight=0, temp=1106064363: 
DEBUG - 0, 1, 9, elem= 0, weight=0, temp=1106064363: 
DEBUG - 0, 1, 10, elem= 0, weight=0, temp=1106064363: 
DEBUG - 0, 1, 11, elem= 0, weight=0, temp=1106064363: 
DEBUG - 0, 1, 12, elem= 1, weight=0, temp=1106064363: 
DEBUG - 0, 1, 13, elem= 0, weight=1, temp=1106064363: 
DEBUG - 0, 1, 14, elem= 0, weight=0, temp=1106064363: 
DEBUG - 0, 1, 15, elem= 0, weight=1, temp=1106064363: 
DEBUG - 0, 2, 0, elem= 1, weight=0, temp=249022455: 
DEBUG - 0, 2, 1, elem= 0, weight=0, temp=249022455: 
DEBUG - 0, 2, 2, elem= 0, weight=1, temp=249022455: 
DEBUG - 0, 2, 3, elem= 1, weight=1, temp=249022456: 
DEBUG - 0, 2, 4, elem= 0, weight=0, temp=249022456: 
DEBUG - 0, 2, 5, elem= 0, weight=1, temp=249022456: 
DEBUG - 0, 2, 6, elem= 1, weight=0, temp=249022456: 
DEBUG - 0, 2, 7, elem= 1, weight=1, temp=249022457: 
DEBUG - 0, 2, 8, elem= 0, weight=0, temp=249022457: 
DEBUG - 0, 2, 9, elem= 0, weight=0, temp=249022457: 
DEBUG - 0, 2, 10, elem= 0, weight=0, temp=249022457: 
DEBUG - 0, 2, 11, elem= 0, weight=0, temp=249022457: 
DEBUG - 0, 2, 12, elem= 1, weight=1, temp=249022458: 
DEBUG - 0, 2, 13, elem= 0, weight=0, temp=249022458: 
DEBUG - 0, 2, 14, elem= 0, weight=1, temp=249022458: 
DEBUG - 0, 2, 15, elem= 0, weight=1, temp=249022458: 
DEBUG - 0, 3, 0, elem= 1, weight=0, temp=781226564: 
DEBUG - 0, 3, 1, elem= 0, weight=1, temp=781226564: 
DEBUG - 0, 3, 2, elem= 0, weight=1, temp=781226564: 
DEBUG - 0, 3, 3, elem= 1, weight=0, temp=781226564: 
DEBUG - 0, 3, 4, elem= 0, weight=0, temp=781226564: 
DEBUG - 0, 3, 5, elem= 0, weight=1, temp=781226564: 
DEBUG - 0, 3, 6, elem= 1, weight=1, temp=781226565: 
DEBUG - 0, 3, 7, elem= 1, weight=0, temp=781226565: 
DEBUG - 0, 3, 8, elem= 0, weight=1, temp=781226565: 
DEBUG - 0, 3, 9, elem= 0, weight=1, temp=781226565: 
DEBUG - 0, 3, 10, elem= 0, weight=1, temp=781226565: 
DEBUG - 0, 3, 11, elem= 0, weight=1, temp=781226565: 
DEBUG - 0, 3, 12, elem= 1, weight=1, temp=781226566: 
DEBUG - 0, 3, 13, elem= 0, weight=1, temp=781226566: 
DEBUG - 0, 3, 14, elem= 0, weight=1, temp=781226566: 
DEBUG - 0, 3, 15, elem= 0, weight=0, temp=781226566: 
DEBUG - 0, 4, 0, elem= 1, weight=0, temp=1812492368: 
DEBUG - 0, 4, 1, elem= 0, weight=0, temp=1812492368: 
DEBUG - 0, 4, 2, elem= 0, weight=0, temp=1812492368: 
DEBUG - 0, 4, 3, elem= 1, weight=1, temp=1812492369: 
DEBUG - 0, 4, 4, elem= 0, weight=0, temp=1812492369: 
DEBUG - 0, 4, 5, elem= 0, weight=0, temp=1812492369: 
DEBUG - 0, 4, 6, elem= 1, weight=0, temp=1812492369: 
DEBUG - 0, 4, 7, elem= 1, weight=0, temp=1812492369: 
DEBUG - 0, 4, 8, elem= 0, weight=1, temp=1812492369: 
DEBUG - 0, 4, 9, elem= 0, weight=0, temp=1812492369: 
DEBUG - 0, 4, 10, elem= 0, weight=0, temp=1812492369: 
DEBUG - 0, 4, 11, elem= 0, weight=1, temp=1812492369: 
DEBUG - 0, 4, 12, elem= 1, weight=0, temp=1812492369: 
DEBUG - 0, 4, 13, elem= 0, weight=0, temp=1812492369: 
DEBUG - 0, 4, 14, elem= 0, weight=0, temp=1812492369: 
DEBUG - 0, 4, 15, elem= 0, weight=0, temp=1812492369: 
DEBUG - 0, 5, 0, elem= 1, weight=1, temp=996899399: 
DEBUG - 0, 5, 1, elem= 0, weight=0, temp=996899399: 
DEBUG - 0, 5, 2, elem= 0, weight=0, temp=996899399: 
DEBUG - 0, 5, 3, elem= 1, weight=0, temp=996899399: 
DEBUG - 0, 5, 4, elem= 0, weight=1, temp=996899399: 
DEBUG - 0, 5, 5, elem= 0, weight=1, temp=996899399: 
DEBUG - 0, 5, 6, elem= 1, weight=1, temp=996899400: 
DEBUG - 0, 5, 7, elem= 1, weight=1, temp=996899401: 
DEBUG - 0, 5, 8, elem= 0, weight=1, temp=996899401: 
DEBUG - 0, 5, 9, elem= 0, weight=1, temp=996899401: 
DEBUG - 0, 5, 10, elem= 0, weight=0, temp=996899401: 
DEBUG - 0, 5, 11, elem= 0, weight=1, temp=996899401: 
DEBUG - 0, 5, 12, elem= 1, weight=1, temp=996899402: 
DEBUG - 0, 5, 13, elem= 0, weight=1, temp=996899402: 
DEBUG - 0, 5, 14, elem= 0, weight=1, temp=996899402: 
DEBUG - 0, 5, 15, elem= 0, weight=0, temp=996899402: 
DEBUG - 0, 6, 0, elem= 1, weight=1, temp=46272236: 
DEBUG - 0, 6, 1, elem= 0, weight=0, temp=46272236: 
DEBUG - 0, 6, 2, elem= 0, weight=1, temp=46272236: 
DEBUG - 0, 6, 3, elem= 1, weight=0, temp=46272236: 
DEBUG - 0, 6, 4, elem= 0, weight=0, temp=46272236: 
DEBUG - 0, 6, 5, elem= 0, weight=1, temp=46272236: 
DEBUG - 0, 6, 6, elem= 1, weight=0, temp=46272236: 
DEBUG - 0, 6, 7, elem= 1, weight=1, temp=46272237: 
DEBUG - 0, 6, 8, elem= 0, weight=1, temp=46272237: 
DEBUG - 0, 6, 9, elem= 0, weight=1, temp=46272237: 
DEBUG - 0, 6, 10, elem= 0, weight=0, temp=46272237: 
DEBUG - 0, 6, 11, elem= 0, weight=0, temp=46272237: 
DEBUG - 0, 6, 12, elem= 1, weight=1, temp=46272238: 
DEBUG - 0, 6, 13, elem= 0, weight=0, temp=46272238: 
DEBUG - 0, 6, 14, elem= 0, weight=0, temp=46272238: 
DEBUG - 0, 6, 15, elem= 0, weight=0, temp=46272238: 
DEBUG - 0, 7, 0, elem= 1, weight=1, temp=577730925: 
DEBUG - 0, 7, 1, elem= 0, weight=1, temp=577730925: 
DEBUG - 0, 7, 2, elem= 0, weight=1, temp=577730925: 
DEBUG - 0, 7, 3, elem= 1, weight=1, temp=577730926: 
DEBUG - 0, 7, 4, elem= 0, weight=1, temp=577730926: 
DEBUG - 0, 7, 5, elem= 0, weight=1, temp=577730926: 
DEBUG - 0, 7, 6, elem= 1, weight=1, temp=577730927: 
DEBUG - 0, 7, 7, elem= 1, weight=0, temp=577730927: 
DEBUG - 0, 7, 8, elem= 0, weight=1, temp=577730927: 
DEBUG - 0, 7, 9, elem= 0, weight=1, temp=577730927: 
DEBUG - 0, 7, 10, elem= 0, weight=1, temp=577730927: 
DEBUG - 0, 7, 11, elem= 0, weight=0, temp=577730927: 
DEBUG - 0, 7, 12, elem= 1, weight=0, temp=577730927: 
DEBUG - 0, 7, 13, elem= 0, weight=1, temp=577730927: 
DEBUG - 0, 7, 14, elem= 0, weight=1, temp=577730927: 
DEBUG - 0, 7, 15, elem= 0, weight=0, temp=577730927: 
DEBUG - 0, 8, 0, elem= 1, weight=1, temp=1981083091: 
DEBUG - 0, 8, 1, elem= 0, weight=0, temp=1981083091: 
DEBUG - 0, 8, 2, elem= 0, weight=1, temp=1981083091: 
DEBUG - 0, 8, 3, elem= 1, weight=1, temp=1981083092: 
DEBUG - 0, 8, 4, elem= 0, weight=1, temp=1981083092: 
DEBUG - 0, 8, 5, elem= 0, weight=1, temp=1981083092: 
DEBUG - 0, 8, 6, elem= 1, weight=1, temp=1981083093: 
DEBUG - 0, 8, 7, elem= 1, weight=0, temp=1981083093: 
DEBUG - 0, 8, 8, elem= 0, weight=0, temp=1981083093: 
DEBUG - 0, 8, 9, elem= 0, weight=0, temp=1981083093: 
DEBUG - 0, 8, 10, elem= 0, weight=1, temp=1981083093: 
DEBUG - 0, 8, 11, elem= 0, weight=0, temp=1981083093: 
DEBUG - 0, 8, 12, elem= 1, weight=0, temp=1981083093: 
DEBUG - 0, 8, 13, elem= 0, weight=0, temp=1981083093: 
DEBUG - 0, 8, 14, elem= 0, weight=1, temp=1981083093: 
DEBUG - 0, 8, 15, elem= 0, weight=1, temp=1981083093: 
DEBUG - 0, 9, 0, elem= 1, weight=0, temp=913527641: 
DEBUG - 0, 9, 1, elem= 0, weight=0, temp=913527641: 
DEBUG - 0, 9, 2, elem= 0, weight=1, temp=913527641: 
DEBUG - 0, 9, 3, elem= 1, weight=1, temp=913527642: 
DEBUG - 0, 9, 4, elem= 0, weight=0, temp=913527642: 
DEBUG - 0, 9, 5, elem= 0, weight=0, temp=913527642: 
DEBUG - 0, 9, 6, elem= 1, weight=1, temp=913527643: 
DEBUG - 0, 9, 7, elem= 1, weight=1, temp=913527644: 
DEBUG - 0, 9, 8, elem= 0, weight=1, temp=913527644: 
DEBUG - 0, 9, 9, elem= 0, weight=0, temp=913527644: 
DEBUG - 0, 9, 10, elem= 0, weight=1, temp=913527644: 
DEBUG - 0, 9, 11, elem= 0, weight=1, temp=913527644: 
DEBUG - 0, 9, 12, elem= 1, weight=0, temp=913527644: 
DEBUG - 0, 9, 13, elem= 0, weight=1, temp=913527644: 
DEBUG - 0, 9, 14, elem= 0, weight=0, temp=913527644: 
DEBUG - 0, 9, 15, elem= 0, weight=0, temp=913527644: 
DEBUG - 0, 10, 0, elem= 1, weight=0, temp=358620658: 
DEBUG - 0, 10, 1, elem= 0, weight=0, temp=358620658: 
DEBUG - 0, 10, 2, elem= 0, weight=1, temp=358620658: 
DEBUG - 0, 10, 3, elem= 1, weight=0, temp=358620658: 
DEBUG - 0, 10, 4, elem= 0, weight=0, temp=358620658: 
DEBUG - 0, 10, 5, elem= 0, weight=0, temp=358620658: 
DEBUG - 0, 10, 6, elem= 1, weight=0, temp=358620658: 
DEBUG - 0, 10, 7, elem= 1, weight=1, temp=358620659: 
DEBUG - 0, 10, 8, elem= 0, weight=1, temp=358620659: 
DEBUG - 0, 10, 9, elem= 0, weight=1, temp=358620659: 
DEBUG - 0, 10, 10, elem= 0, weight=0, temp=358620659: 
DEBUG - 0, 10, 11, elem= 0, weight=1, temp=358620659: 
DEBUG - 0, 10, 12, elem= 1, weight=1, temp=358620660: 
DEBUG - 0, 10, 13, elem= 0, weight=1, temp=358620660: 
DEBUG - 0, 10, 14, elem= 0, weight=0, temp=358620660: 
DEBUG - 0, 10, 15, elem= 0, weight=0, temp=358620660: 
DEBUG - 0, 11, 0, elem= 1, weight=0, temp=1326175401: 
DEBUG - 0, 11, 1, elem= 0, weight=1, temp=1326175401: 
DEBUG - 0, 11, 2, elem= 0, weight=0, temp=1326175401: 
DEBUG - 0, 11, 3, elem= 1, weight=0, temp=1326175401: 
DEBUG - 0, 11, 4, elem= 0, weight=0, temp=1326175401: 
DEBUG - 0, 11, 5, elem= 0, weight=1, temp=1326175401: 
DEBUG - 0, 11, 6, elem= 1, weight=1, temp=1326175402: 
DEBUG - 0, 11, 7, elem= 1, weight=0, temp=1326175402: 
DEBUG - 0, 11, 8, elem= 0, weight=0, temp=1326175402: 
DEBUG - 0, 11, 9, elem= 0, weight=1, temp=1326175402: 
DEBUG - 0, 11, 10, elem= 0, weight=1, temp=1326175402: 
DEBUG - 0, 11, 11, elem= 0, weight=0, temp=1326175402: 
DEBUG - 0, 11, 12, elem= 1, weight=1, temp=1326175403: 
DEBUG - 0, 11, 13, elem= 0, weight=0, temp=1326175403: 
DEBUG - 0, 11, 14, elem= 0, weight=1, temp=1326175403: 
DEBUG - 0, 11, 15, elem= 0, weight=0, temp=1326175403: 
DEBUG - 0, 12, 0, elem= 1, weight=0, temp=1403018901: 
DEBUG - 0, 12, 1, elem= 0, weight=0, temp=1403018901: 
DEBUG - 0, 12, 2, elem= 0, weight=0, temp=1403018901: 
DEBUG - 0, 12, 3, elem= 1, weight=1, temp=1403018902: 
DEBUG - 0, 12, 4, elem= 0, weight=0, temp=1403018902: 
DEBUG - 0, 12, 5, elem= 0, weight=0, temp=1403018902: 
DEBUG - 0, 12, 6, elem= 1, weight=1, temp=1403018903: 
DEBUG - 0, 12, 7, elem= 1, weight=1, temp=1403018904: 
DEBUG - 0, 12, 8, elem= 0, weight=0, temp=1403018904: 
DEBUG - 0, 12, 9, elem= 0, weight=1, temp=1403018904: 
DEBUG - 0, 12, 10, elem= 0, weight=1, temp=1403018904: 
DEBUG - 0, 12, 11, elem= 0, weight=1, temp=1403018904: 
DEBUG - 0, 12, 12, elem= 1, weight=1, temp=1403018905: 
DEBUG - 0, 12, 13, elem= 0, weight=0, temp=1403018905: 
DEBUG - 0, 12, 14, elem= 0, weight=1, temp=1403018905: 
DEBUG - 0, 12, 15, elem= 0, weight=1, temp=1403018905: 
DEBUG - 0, 13, 0, elem= 1, weight=0, temp=1179254364: 
DEBUG - 0, 13, 1, elem= 0, weight=0, temp=1179254364: 
DEBUG - 0, 13, 2, elem= 0, weight=1, temp=1179254364: 
DEBUG - 0, 13, 3, elem= 1, weight=0, temp=1179254364: 
DEBUG - 0, 13, 4, elem= 0, weight=1, temp=1179254364: 
DEBUG - 0, 13, 5, elem= 0, weight=0, temp=1179254364: 
DEBUG - 0, 13, 6, elem= 1, weight=0, temp=1179254364: 
DEBUG - 0, 13, 7, elem= 1, weight=0, temp=1179254364: 
DEBUG - 0, 13, 8, elem= 0, weight=0, temp=1179254364: 
DEBUG - 0, 13, 9, elem= 0, weight=0, temp=1179254364: 
DEBUG - 0, 13, 10, elem= 0, weight=0, temp=1179254364: 
DEBUG - 0, 13, 11, elem= 0, weight=1, temp=1179254364: 
DEBUG - 0, 13, 12, elem= 1, weight=1, temp=1179254365: 
DEBUG - 0, 13, 13, elem= 0, weight=1, temp=1179254365: 
DEBUG - 0, 13, 14, elem= 0, weight=1, temp=1179254365: 
DEBUG - 0, 13, 15, elem= 0, weight=0, temp=1179254365: 
DEBUG - 0, 14, 0, elem= 1, weight=0, temp=889370652: 
DEBUG - 0, 14, 1, elem= 0, weight=0, temp=889370652: 
DEBUG - 0, 14, 2, elem= 0, weight=1, temp=889370652: 
DEBUG - 0, 14, 3, elem= 1, weight=1, temp=889370653: 
DEBUG - 0, 14, 4, elem= 0, weight=0, temp=889370653: 
DEBUG - 0, 14, 5, elem= 0, weight=1, temp=889370653: 
DEBUG - 0, 14, 6, elem= 1, weight=0, temp=889370653: 
DEBUG - 0, 14, 7, elem= 1, weight=0, temp=889370653: 
DEBUG - 0, 14, 8, elem= 0, weight=1, temp=889370653: 
DEBUG - 0, 14, 9, elem= 0, weight=1, temp=889370653: 
DEBUG - 0, 14, 10, elem= 0, weight=1, temp=889370653: 
DEBUG - 0, 14, 11, elem= 0, weight=1, temp=889370653: 
DEBUG - 0, 14, 12, elem= 1, weight=1, temp=889370654: 
DEBUG - 0, 14, 13, elem= 0, weight=1, temp=889370654: 
DEBUG - 0, 14, 14, elem= 0, weight=0, temp=889370654: 
DEBUG - 0, 14, 15, elem= 0, weight=1, temp=889370654: 
DEBUG - 0, 15, 0, elem= 1, weight=1, temp=1957972175: 
DEBUG - 0, 15, 1, elem= 0, weight=1, temp=1957972175: 
DEBUG - 0, 15, 2, elem= 0, weight=0, temp=1957972175: 
DEBUG - 0, 15, 3, elem= 1, weight=0, temp=1957972175: 
DEBUG - 0, 15, 4, elem= 0, weight=0, temp=1957972175: 
DEBUG - 0, 15, 5, elem= 0, weight=0, temp=1957972175: 
DEBUG - 0, 15, 6, elem= 1, weight=0, temp=1957972175: 
DEBUG - 0, 15, 7, elem= 1, weight=1, temp=1957972176: 
DEBUG - 0, 15, 8, elem= 0, weight=0, temp=1957972176: 
DEBUG - 0, 15, 9, elem= 0, weight=1, temp=1957972176: 
DEBUG - 0, 15, 10, elem= 0, weight=1, temp=1957972176: 
DEBUG - 0, 15, 11, elem= 0, weight=1, temp=1957972176: 
DEBUG - 0, 15, 12, elem= 1, weight=1, temp=1957972177: 
DEBUG - 0, 15, 13, elem= 0, weight=0, temp=1957972177: 
DEBUG - 0, 15, 14, elem= 0, weight=0, temp=1957972177: 
DEBUG - 0, 15, 15, elem= 0, weight=1, temp=1957972177: 
INFO - VTA_OPCODE_BGEMM
DEBUG - 0, 0, 0, elem= 1, weight=1, temp=-1933285136: 
DEBUG - 0, 0, 1, elem= 0, weight=0, temp=856794048: 
DEBUG - 0, 0, 2, elem= 0, weight=1, temp=-867791104: 
DEBUG - 0, 0, 3, elem= 1, weight=0, temp=823802880: 
DEBUG - 0, 0, 4, elem= 0, weight=0, temp=-999755776: 
DEBUG - 0, 0, 5, elem= 0, weight=1, temp=295944192: 
DEBUG - 0, 0, 6, elem= 1, weight=1, temp=1183776772: 
DEBUG - 0, 0, 7, elem= 1, weight=1, temp=440139796: 
DEBUG - 0, 0, 8, elem= 0, weight=1, temp=1760559184: 
DEBUG - 0, 0, 9, elem= 0, weight=0, temp=-1547697856: 
DEBUG - 0, 0, 10, elem= 0, weight=1, temp=-1895824128: 
DEBUG - 0, 0, 11, elem= 0, weight=0, temp=1006638080: 
DEBUG - 0, 0, 12, elem= 1, weight=1, temp=-268414972: 
DEBUG - 0, 0, 13, elem= 0, weight=1, temp=-1073659888: 
DEBUG - 0, 0, 14, elem= 0, weight=0, temp=327744: 
DEBUG - 0, 0, 15, elem= 0, weight=1, temp=1310976: 
DEBUG - 0, 1, 0, elem= 1, weight=0, temp=129290152: 
DEBUG - 0, 1, 1, elem= 0, weight=0, temp=517160608: 
DEBUG - 0, 1, 2, elem= 0, weight=0, temp=2068642432: 
DEBUG - 0, 1, 3, elem= 1, weight=0, temp=-315364864: 
DEBUG - 0, 1, 4, elem= 0, weight=0, temp=-1261459456: 
DEBUG - 0, 1, 5, elem= 0, weight=1, temp=-750870528: 
DEBUG - 0, 1, 6, elem= 1, weight=0, temp=1291485184: 
DEBUG - 0, 1, 7, elem= 1, weight=1, temp=870973444: 
DEBUG - 0, 1, 8, elem= 0, weight=0, temp=-811073520: 
DEBUG - 0, 1, 9, elem= 0, weight=0, temp=1050673216: 
DEBUG - 0, 1, 10, elem= 0, weight=0, temp=-92274432: 
DEBUG - 0, 1, 11, elem= 0, weight=0, temp=-369097728: 
DEBUG - 0, 1, 12, elem= 1, weight=0, temp=-1476390912: 
DEBUG - 0, 1, 13, elem= 0, weight=1, temp=-1610596352: 
DEBUG - 0, 1, 14, elem= 0, weight=0, temp=-2147418112: 
DEBUG - 0, 1, 15, elem= 0, weight=1, temp=262144: 
DEBUG - 0, 2, 0, elem= 1, weight=0, temp=996089820: 
DEBUG - 0, 2, 1, elem= 0, weight=0, temp=-310608016: 
DEBUG - 0, 2, 2, elem= 0, weight=1, temp=-1242432064: 
DEBUG - 0, 2, 3, elem= 1, weight=1, temp=-674760956: 
DEBUG - 0, 2, 4, elem= 0, weight=0, temp=1595923472: 
DEBUG - 0, 2, 5, elem= 0, weight=1, temp=2088726592: 
DEBUG - 0, 2, 6, elem= 1, weight=0, temp=-235028224: 
DEBUG - 0, 2, 7, elem= 1, weight=1, temp=-940112892: 
DEBUG - 0, 2, 8, elem= 0, weight=0, temp=534515728: 
DEBUG - 0, 2, 9, elem= 0, weight=0, temp=2138062912: 
DEBUG - 0, 2, 10, elem= 0, weight=0, temp=-37682944: 
DEBUG - 0, 2, 11, elem= 0, weight=0, temp=-150731776: 
DEBUG - 0, 2, 12, elem= 1, weight=1, temp=-602927100: 
DEBUG - 0, 2, 13, elem= 0, weight=0, temp=1883258896: 
DEBUG - 0, 2, 14, elem= 0, weight=1, temp=-1056899008: 
DEBUG - 0, 2, 15, elem= 0, weight=1, temp=67371264: 
DEBUG - 0, 3, 0, elem= 1, weight=0, temp=-1170061040: 
DEBUG - 0, 3, 1, elem= 0, weight=1, temp=-385276864: 
DEBUG - 0, 3, 2, elem= 0, weight=1, temp=-1541107456: 
DEBUG - 0, 3, 3, elem= 1, weight=0, temp=-1869462528: 
DEBUG - 0, 3, 4, elem= 0, weight=0, temp=1112084480: 
DEBUG - 0, 3, 5, elem= 0, weight=1, temp=153370624: 
DEBUG - 0, 3, 6, elem= 1, weight=1, temp=613482500: 
DEBUG - 0, 3, 7, elem= 1, weight=0, temp=-1841037296: 
DEBUG - 0, 3, 8, elem= 0, weight=1, temp=1225785408: 
DEBUG - 0, 3, 9, elem= 0, weight=1, temp=608174336: 
DEBUG - 0, 3, 10, elem= 0, weight=1, temp=-1862269952: 
DEBUG - 0, 3, 11, elem= 0, weight=1, temp=1140854784: 
DEBUG - 0, 3, 12, elem= 1, weight=1, temp=268451844: 
DEBUG - 0, 3, 13, elem= 0, weight=1, temp=1073807376: 
DEBUG - 0, 3, 14, elem= 0, weight=1, temp=262208: 
DEBUG - 0, 3, 15, elem= 0, weight=0, temp=1048832: 
DEBUG - 0, 4, 0, elem= 1, weight=0, temp=-1339965120: 
DEBUG - 0, 4, 1, elem= 0, weight=0, temp=-1064893184: 
DEBUG - 0, 4, 2, elem= 0, weight=0, temp=35394560: 
DEBUG - 0, 4, 3, elem= 1, weight=1, temp=141578244: 
DEBUG - 0, 4, 4, elem= 0, weight=0, temp=566312976: 
DEBUG - 0, 4, 5, elem= 0, weight=0, temp=-2029715392: 
DEBUG - 0, 4, 6, elem= 1, weight=0, temp=471073024: 
DEBUG - 0, 4, 7, elem= 1, weight=0, temp=1884292096: 
DEBUG - 0, 4, 8, elem= 0, weight=1, temp=-1052766208: 
DEBUG - 0, 4, 9, elem= 0, weight=0, temp=83902464: 
DEBUG - 0, 4, 10, elem= 0, weight=0, temp=335609856: 
DEBUG - 0, 4, 11, elem= 0, weight=1, temp=1342439424: 
DEBUG - 0, 4, 12, elem= 1, weight=0, temp=1074790400: 
DEBUG - 0, 4, 13, elem= 0, weight=0, temp=4194304: 
DEBUG - 0, 4, 14, elem= 0, weight=0, temp=16777216: 
DEBUG - 0, 4, 15, elem= 0, weight=0, temp=67108864: 
DEBUG - 0, 5, 0, elem= 1, weight=1, temp=-307369700: 
DEBUG - 0, 5, 1, elem= 0, weight=0, temp=-1229478800: 
DEBUG - 0, 5, 2, elem= 0, weight=0, temp=-622947904: 
DEBUG - 0, 5, 3, elem= 1, weight=0, temp=1803175680: 
DEBUG - 0, 5, 4, elem= 0, weight=1, temp=-1377231872: 
DEBUG - 0, 5, 5, elem= 0, weight=1, temp=-1213960192: 
DEBUG - 0, 5, 6, elem= 1, weight=1, temp=-560873468: 
DEBUG - 0, 5, 7, elem= 1, weight=1, temp=2051473428: 
DEBUG - 0, 5, 8, elem= 0, weight=1, temp=-384040880: 
DEBUG - 0, 5, 9, elem= 0, weight=1, temp=-1536163520: 
DEBUG - 0, 5, 10, elem= 0, weight=0, temp=-1849686784: 
DEBUG - 0, 5, 11, elem= 0, weight=1, temp=1191187456: 
DEBUG - 0, 5, 12, elem= 1, weight=1, temp=469782532: 
DEBUG - 0, 5, 13, elem= 0, weight=1, temp=1879130128: 
DEBUG - 0, 5, 14, elem= 0, weight=1, temp=-1073414080: 
DEBUG - 0, 5, 15, elem= 0, weight=0, temp=1310976: 
DEBUG - 0, 6, 0, elem= 1, weight=1, temp=185088944: 
DEBUG - 0, 6, 1, elem= 0, weight=0, temp=740355776: 
DEBUG - 0, 6, 2, elem= 0, weight=1, temp=-1333544192: 
DEBUG - 0, 6, 3, elem= 1, weight=0, temp=-1039209472: 
DEBUG - 0, 6, 4, elem= 0, weight=0, temp=138129408: 
DEBUG - 0, 6, 5, elem= 0, weight=1, temp=552517632: 
DEBUG - 0, 6, 6, elem= 1, weight=0, temp=-2084896768: 
DEBUG - 0, 6, 7, elem= 1, weight=1, temp=250347524: 
DEBUG - 0, 6, 8, elem= 0, weight=1, temp=1001390096: 
DEBUG - 0, 6, 9, elem= 0, weight=1, temp=-289406912: 
DEBUG - 0, 6, 10, elem= 0, weight=0, temp=-1157627648: 
DEBUG - 0, 6, 11, elem= 0, weight=0, temp=-335543296: 
DEBUG - 0, 6, 12, elem= 1, weight=1, temp=-1342173180: 
DEBUG - 0, 6, 13, elem= 0, weight=0, temp=-1073725424: 
DEBUG - 0, 6, 14, elem= 0, weight=0, temp=65600: 
DEBUG - 0, 6, 15, elem= 0, weight=0, temp=262400: 
DEBUG - 0, 7, 0, elem= 1, weight=1, temp=-1984043596: 
DEBUG - 0, 7, 1, elem= 0, weight=1, temp=653760208: 
DEBUG - 0, 7, 2, elem= 0, weight=1, temp=-1679926464: 
DEBUG - 0, 7, 3, elem= 1, weight=1, temp=1870228740: 
DEBUG - 0, 7, 4, elem= 0, weight=1, temp=-1109019632: 
DEBUG - 0, 7, 5, elem= 0, weight=1, temp=-141111232: 
DEBUG - 0, 7, 6, elem= 1, weight=1, temp=-564444924: 
DEBUG - 0, 7, 7, elem= 1, weight=0, temp=2037187600: 
DEBUG - 0, 7, 8, elem= 0, weight=1, temp=-441184192: 
DEBUG - 0, 7, 9, elem= 0, weight=1, temp=-1764736768: 
DEBUG - 0, 7, 10, elem= 0, weight=1, temp=1530987520: 
DEBUG - 0, 7, 11, elem= 0, weight=0, temp=1828982784: 
DEBUG - 0, 7, 12, elem= 1, weight=0, temp=-1274003456: 
DEBUG - 0, 7, 13, elem= 0, weight=1, temp=-801046528: 
DEBUG - 0, 7, 14, elem= 0, weight=1, temp=1090781184: 
DEBUG - 0, 7, 15, elem= 0, weight=0, temp=68157440: 
DEBUG - 0, 8, 0, elem= 1, weight=1, temp=-665602228: 
DEBUG - 0, 8, 1, elem= 0, weight=0, temp=1632558384: 
DEBUG - 0, 8, 2, elem= 0, weight=1, temp=-2059701056: 
DEBUG - 0, 8, 3, elem= 1, weight=1, temp=351130372: 
DEBUG - 0, 8, 4, elem= 0, weight=1, temp=1404521488: 
DEBUG - 0, 8, 5, elem= 0, weight=1, temp=1323118656: 
DEBUG - 0, 8, 6, elem= 1, weight=1, temp=997507332: 
DEBUG - 0, 8, 7, elem= 1, weight=0, temp=-304937968: 
DEBUG - 0, 8, 8, elem= 0, weight=0, temp=-1219751872: 
DEBUG - 0, 8, 9, elem= 0, weight=0, temp=-584040192: 
DEBUG - 0, 8, 10, elem= 0, weight=1, temp=1958806528: 
DEBUG - 0, 8, 11, elem= 0, weight=0, temp=-754708480: 
DEBUG - 0, 8, 12, elem= 1, weight=0, temp=1276133376: 
DEBUG - 0, 8, 13, elem= 0, weight=0, temp=809566208: 
DEBUG - 0, 8, 14, elem= 0, weight=1, temp=-1056702464: 
DEBUG - 0, 8, 15, elem= 0, weight=1, temp=68157440: 
DEBUG - 0, 9, 0, elem= 1, weight=0, temp=-640856732: 
DEBUG - 0, 9, 1, elem= 0, weight=0, temp=1731540368: 
DEBUG - 0, 9, 2, elem= 0, weight=1, temp=-1663773120: 
DEBUG - 0, 9, 3, elem= 1, weight=1, temp=1934842116: 
DEBUG - 0, 9, 4, elem= 0, weight=0, temp=-850566128: 
DEBUG - 0, 9, 5, elem= 0, weight=0, temp=892702784: 
DEBUG - 0, 9, 6, elem= 1, weight=1, temp=-724156156: 
DEBUG - 0, 9, 7, elem= 1, weight=1, temp=1398342676: 
DEBUG - 0, 9, 8, elem= 0, weight=1, temp=1298403408: 
DEBUG - 0, 9, 9, elem= 0, weight=0, temp=898646336: 
DEBUG - 0, 9, 10, elem= 0, weight=1, temp=-700381952: 
DEBUG - 0, 9, 11, elem= 0, weight=1, temp=1493439488: 
DEBUG - 0, 9, 12, elem= 1, weight=0, temp=1678790656: 
DEBUG - 0, 9, 13, elem= 0, weight=1, temp=-1874771968: 
DEBUG - 0, 9, 14, elem= 0, weight=0, temp=1090846720: 
DEBUG - 0, 9, 15, elem= 0, weight=0, temp=68419584: 
DEBUG - 0, 10, 0, elem= 1, weight=0, temp=1434482632: 
DEBUG - 0, 10, 1, elem= 0, weight=0, temp=1442963232: 
DEBUG - 0, 10, 2, elem= 0, weight=1, temp=1476885632: 
DEBUG - 0, 10, 3, elem= 1, weight=0, temp=1612575232: 
DEBUG - 0, 10, 4, elem= 0, weight=0, temp=-2139633664: 
DEBUG - 0, 10, 5, elem= 0, weight=0, temp=31399936: 
DEBUG - 0, 10, 6, elem= 1, weight=0, temp=125599744: 
DEBUG - 0, 10, 7, elem= 1, weight=1, temp=502398980: 
DEBUG - 0, 10, 8, elem= 0, weight=1, temp=2009595920: 
DEBUG - 0, 10, 9, elem= 0, weight=1, temp=-551550912: 
DEBUG - 0, 10, 10, elem= 0, weight=0, temp=2088763648: 
DEBUG - 0, 10, 11, elem= 0, weight=1, temp=-234880000: 
DEBUG - 0, 10, 12, elem= 1, weight=1, temp=-939519996: 
DEBUG - 0, 10, 13, elem= 0, weight=1, temp=536887312: 
DEBUG - 0, 10, 14, elem= 0, weight=0, temp=-2147418048: 
DEBUG - 0, 10, 15, elem= 0, weight=0, temp=262400: 
DEBUG - 0, 11, 0, elem= 1, weight=0, temp=1009734308: 
DEBUG - 0, 11, 1, elem= 0, weight=1, temp=-256030064: 
DEBUG - 0, 11, 2, elem= 0, weight=0, temp=-1024120256: 
DEBUG - 0, 11, 3, elem= 1, weight=0, temp=198486272: 
DEBUG - 0, 11, 4, elem= 0, weight=0, temp=793945088: 
DEBUG - 0, 11, 5, elem= 0, weight=1, temp=-1119186944: 
DEBUG - 0, 11, 6, elem= 1, weight=1, temp=-181780476: 
DEBUG - 0, 11, 7, elem= 1, weight=0, temp=-727121904: 
DEBUG - 0, 11, 8, elem= 0, weight=0, temp=1386479680: 
DEBUG - 0, 11, 9, elem= 0, weight=1, temp=1250951424: 
DEBUG - 0, 11, 10, elem= 0, weight=1, temp=708838400: 
DEBUG - 0, 11, 11, elem= 0, weight=0, temp=-1459613696: 
DEBUG - 0, 11, 12, elem= 1, weight=1, temp=-1543487484: 
DEBUG - 0, 11, 13, elem= 0, weight=0, temp=-1878982640: 
DEBUG - 0, 11, 14, elem= 0, weight=1, temp=1074004032: 
DEBUG - 0, 11, 15, elem= 0, weight=0, temp=1048832: 
DEBUG - 0, 12, 0, elem= 1, weight=0, temp=1317108308: 
DEBUG - 0, 12, 1, elem= 0, weight=0, temp=973465936: 
DEBUG - 0, 12, 2, elem= 0, weight=0, temp=-401103552: 
DEBUG - 0, 12, 3, elem= 1, weight=1, temp=-1604414204: 
DEBUG - 0, 12, 4, elem= 0, weight=0, temp=-2122689520: 
DEBUG - 0, 12, 5, elem= 0, weight=0, temp=99176512: 
DEBUG - 0, 12, 6, elem= 1, weight=1, temp=396706052: 
DEBUG - 0, 12, 7, elem= 1, weight=1, temp=1586824212: 
DEBUG - 0, 12, 8, elem= 0, weight=0, temp=2052329552: 
DEBUG - 0, 12, 9, elem= 0, weight=1, temp=-380616384: 
DEBUG - 0, 12, 10, elem= 0, weight=1, temp=-1522465536: 
DEBUG - 0, 12, 11, elem= 0, weight=1, temp=-1794894848: 
DEBUG - 0, 12, 12, elem= 1, weight=1, temp=1410355204: 
DEBUG - 0, 12, 13, elem= 0, weight=0, temp=1346453520: 
DEBUG - 0, 12, 14, elem= 0, weight=1, temp=1090846784: 
DEBUG - 0, 12, 15, elem= 0, weight=1, temp=68419840: 
DEBUG - 0, 13, 0, elem= 1, weight=0, temp=422050160: 
DEBUG - 0, 13, 1, elem= 0, weight=0, temp=1688200640: 
DEBUG - 0, 13, 2, elem= 0, weight=1, temp=-1837132032: 
DEBUG - 0, 13, 3, elem= 1, weight=0, temp=1241406464: 
DEBUG - 0, 13, 4, elem= 0, weight=1, temp=670658560: 
DEBUG - 0, 13, 5, elem= 0, weight=0, temp=-1612333056: 
DEBUG - 0, 13, 6, elem= 1, weight=0, temp=2140602368: 
DEBUG - 0, 13, 7, elem= 1, weight=0, temp=-27525120: 
DEBUG - 0, 13, 8, elem= 0, weight=0, temp=-110100480: 
DEBUG - 0, 13, 9, elem= 0, weight=0, temp=-440401920: 
DEBUG - 0, 13, 10, elem= 0, weight=0, temp=-1761607680: 
DEBUG - 0, 13, 11, elem= 0, weight=1, temp=1543503872: 
DEBUG - 0, 13, 12, elem= 1, weight=1, temp=1879048196: 
DEBUG - 0, 13, 13, elem= 0, weight=1, temp=-1073741808: 
DEBUG - 0, 13, 14, elem= 0, weight=1, temp=64: 
DEBUG - 0, 13, 15, elem= 0, weight=0, temp=256: 
DEBUG - 0, 14, 0, elem= 1, weight=0, temp=-737484688: 
DEBUG - 0, 14, 1, elem= 0, weight=0, temp=1345028544: 
DEBUG - 0, 14, 2, elem= 0, weight=1, temp=1085146880: 
DEBUG - 0, 14, 3, elem= 1, weight=1, temp=45620228: 
DEBUG - 0, 14, 4, elem= 0, weight=0, temp=182480912: 
DEBUG - 0, 14, 5, elem= 0, weight=1, temp=729923648: 
DEBUG - 0, 14, 6, elem= 1, weight=0, temp=-1375272704: 
DEBUG - 0, 14, 7, elem= 1, weight=0, temp=-1206123520: 
DEBUG - 0, 14, 8, elem= 0, weight=1, temp=-529526784: 
DEBUG - 0, 14, 9, elem= 0, weight=1, temp=-2118107136: 
DEBUG - 0, 14, 10, elem= 0, weight=1, temp=117506048: 
DEBUG - 0, 14, 11, elem= 0, weight=1, temp=470024192: 
DEBUG - 0, 14, 12, elem= 1, weight=1, temp=1880096772: 
DEBUG - 0, 14, 13, elem= 0, weight=1, temp=-1069547504: 
DEBUG - 0, 14, 14, elem= 0, weight=0, temp=16777280: 
DEBUG - 0, 14, 15, elem= 0, weight=1, temp=67109120: 
DEBUG - 0, 15, 0, elem= 1, weight=1, temp=-758045892: 
DEBUG - 0, 15, 1, elem= 0, weight=1, temp=1262783728: 
DEBUG - 0, 15, 2, elem= 0, weight=0, temp=756167616: 
DEBUG - 0, 15, 3, elem= 1, weight=0, temp=-1270296832: 
DEBUG - 0, 15, 4, elem= 0, weight=0, temp=-786220032: 
DEBUG - 0, 15, 5, elem= 0, weight=0, temp=1150087168: 
DEBUG - 0, 15, 6, elem= 1, weight=0, temp=305381376: 
DEBUG - 0, 15, 7, elem= 1, weight=1, temp=1221525508: 
DEBUG - 0, 15, 8, elem= 0, weight=0, temp=591134736: 
DEBUG - 0, 15, 9, elem= 0, weight=1, temp=-1930428352: 
DEBUG - 0, 15, 10, elem= 0, weight=1, temp=868221184: 
DEBUG - 0, 15, 11, elem= 0, weight=1, temp=-822082560: 
DEBUG - 0, 15, 12, elem= 1, weight=1, temp=1006637060: 
DEBUG - 0, 15, 13, elem= 0, weight=0, temp=-268419056: 
DEBUG - 0, 15, 14, elem= 0, weight=0, temp=-1073676224: 
DEBUG - 0, 15, 15, elem= 0, weight=1, temp=262400: 
DEBUG - 0, 0: expected 0x23311a3f but got 0x140100
DEBUG - 0, 1: expected 0x41ed33eb but got 0x40000
DEBUG - 0, 2: expected 0xed7c7fa but got 0x4040100
DEBUG - 0, 3: expected 0x2e909246 but got 0x100100
DEBUG - 0, 4: expected 0x6c087051 but got 0x4000000
DEBUG - 0, 5: expected 0x3b6b7a4a but got 0x140100
DEBUG - 0, 6: expected 0x2c20eee but got 0x40100
DEBUG - 0, 7: expected 0x226f796f but got 0x4100000
DEBUG - 0, 8: expected 0x7614edd5 but got 0x4100000
DEBUG - 0, 9: expected 0x3673535c but got 0x4140000
DEBUG - 0, 10: expected 0x15601df4 but got 0x40100
DEBUG - 0, 11: expected 0x4f0bd4ab but got 0x100100
DEBUG - 0, 12: expected 0x53a05e99 but got 0x4140100
DEBUG - 0, 13: expected 0x4649fe5d but got 0x100
DEBUG - 0, 14: expected 0x3502b81e but got 0x4000100
DEBUG - 0, 15: expected 0x74b448d1 but got 0x40100
INFO - Boolean operation test failed, got 16 errors!
@E Simulation failed: Function 'main' returns nonzero value '255'.
ERROR: [SIM 211-100] 'csim_design' failed: nonzero return value.
INFO: [SIM 211-3] *************** CSIM finish ***************
4
    while executing
"source [lindex $::argv 1] "
    ("uplevel" body line 1)
    invoked from within
"uplevel \#0 { source [lindex $::argv 1] } "

